============================================================
  Generated by:           Genus(TM) Synthesis Solution 19.13-s073_1
  Generated on:           Aug 09 2020  12:39:00 pm
  Module:                 bound_flasher
  Technology libraries:   slow_1v0 
                          pll 0.0
                          CDK_S128x16 0.0
                          CDK_S256x16 0.0
                          CDK_R512x16 0.0
                          physical_cells 
  Operating conditions:   slow 
  Interconnect mode:      global
  Area mode:              physical library
============================================================

Timing
--------

Clock Period 
-------------
clk   3000.0 


  Cost    Critical         Violating 
 Group   Path Slack  TNS     Paths   
-------------------------------------
clk            33.4   0.0          0 
default    No paths   0.0            
-------------------------------------
Total                 0.0          0 

Instance Count
--------------
Leaf Instance Count             181 
Physical Instance count           0 
Sequential Instance Count        26 
Combinational Instance Count    155 
Hierarchical Instance Count       0 

Area
----
Cell Area                          501.714
Physical Cell Area                 0.000
Total Cell Area (Cell+Physical)    501.714
Net Area                           207.943
Total Area (Cell+Physical+Net)     709.657

Runtime                            0.0 seconds
Elapsed Runtime                    19 seconds
Genus peak memory usage            787.73 
Innovus peak memory usage          no_value 
Hostname                           localhost
